<?xml version="1.0" encoding="UTF-8"?>
<!-- Generated by org.testng.reporters.JUnitXMLReporter -->
<testsuite ignored="7" hostname="DESKTOP-UB7KQ0Q" failures="1" tests="2" name="Test1" time="19.668" errors="0" timestamp="2025-05-05T18:55:45 IST">
  <testcase classname="testcases.LoginTest" name="verifyfpassword" time="6.975"/>
  <testcase classname="testcases.LoginTest" name="loggin" time="0.032">
    <failure type="java.lang.IllegalArgumentException" message="Keys to send should be a not null CharSequence">
      <![CDATA[java.lang.IllegalArgumentException: Keys to send should be a not null CharSequence
at org.openqa.selenium.remote.RemoteWebElement.sendKeys(RemoteWebElement.java:96)
at org.openqa.selenium.support.pagefactory.internal.LocatingElementHandler.invoke(LocatingElementHandler.java:51)
at jdk.proxy2/jdk.proxy2.$Proxy14.sendKeys(Unknown Source)
at webpages.LoginPage.enterEmail(LoginPage.java:24)
at testcases.LoginTest.loggin(LoginTest.java:41)
at java.base/java.util.ArrayList.forEach(ArrayList.java:1596)
... Removed 27 stack frames]]>
    </failure>
  </testcase> <!-- loggin -->
  <testcase classname="testcases.LoginTest" name="testq2test" time="0.0">
    <ignored/>
  </testcase> <!-- testq2test -->
  <testcase classname="testcases.LoginTest" name="testq4test" time="0.0">
    <ignored/>
  </testcase> <!-- testq4test -->
  <testcase classname="testcases.LoginTest" name="testq5" time="0.0">
    <ignored/>
  </testcase> <!-- testq5 -->
  <testcase classname="testcases.LoginTest" name="checkinstructiontest" time="0.0">
    <ignored/>
  </testcase> <!-- checkinstructiontest -->
  <testcase classname="testcases.LoginTest" name="testq1test" time="0.0">
    <ignored/>
  </testcase> <!-- testq1test -->
  <testcase classname="testcases.LoginTest" name="testq3test" time="0.0">
    <ignored/>
  </testcase> <!-- testq3test -->
  <testcase classname="testcases.LoginTest" name="teststarttest" time="0.0">
    <ignored/>
  </testcase> <!-- teststarttest -->
</testsuite> <!-- Test1 -->
