<?xml version="1.0" encoding="UTF-8"?>
<testng-results ignored="0" total="7" passed="6" failed="1" skipped="0">
  <reporter-output>
  </reporter-output>
  <suite started-at="2025-06-06T19:03:34 IST" name="Default suite" finished-at="2025-06-06T19:03:58 IST" duration-ms="24109">
    <groups>
    </groups>
    <test started-at="2025-06-06T19:03:34 IST" name="Default test" finished-at="2025-06-06T19:03:58 IST" duration-ms="24109">
      <class name="testcases.DigitalMaterialTest">
        <test-method is-config="true" signature="setup()[pri:0, instance:testcases.DigitalMaterialTest@2362f559]" started-at="2025-06-06T19:03:34 IST" name="setup" finished-at="2025-06-06T19:03:39 IST" duration-ms="5375" status="PASS">
          <reporter-output>
          </reporter-output>
        </test-method> <!-- setup -->
        <test-method is-config="true" signature="initializeDigitalMaterial()[pri:0, instance:testcases.DigitalMaterialTest@2362f559]" started-at="2025-06-06T19:03:39 IST" name="initializeDigitalMaterial" finished-at="2025-06-06T19:03:39 IST" duration-ms="50" status="PASS">
          <reporter-output>
          </reporter-output>
        </test-method> <!-- initializeDigitalMaterial -->
        <test-method signature="login(java.lang.String,java.lang.String)[pri:1, instance:testcases.DigitalMaterialTest@2362f559]" started-at="2025-06-06T19:03:41 IST" name="login" data-provider="studentLogin" finished-at="2025-06-06T19:03:41 IST" duration-ms="89" status="FAIL">
          <params>
            <param index="0">
              <value is-null="true"/>
            </param>
            <param index="1">
              <value is-null="true"/>
            </param>
          </params>
          <exception class="java.lang.IllegalArgumentException">
            <message>
              <![CDATA[Keys to send should be a not null CharSequence]]>
            </message>
            <full-stacktrace>
              <![CDATA[java.lang.IllegalArgumentException: Keys to send should be a not null CharSequence
at org.openqa.selenium.remote.RemoteWebElement.sendKeys(RemoteWebElement.java:96)
at java.base/jdk.internal.reflect.DirectMethodHandleAccessor.invoke(DirectMethodHandleAccessor.java:103)
at java.base/java.lang.reflect.Method.invoke(Method.java:580)
at org.openqa.selenium.support.pagefactory.internal.LocatingElementHandler.invoke(LocatingElementHandler.java:51)
at jdk.proxy2/jdk.proxy2.$Proxy13.sendKeys(Unknown Source)
at webpages.LoginPage.enterEmail(LoginPage.java:24)
at testcases.DigitalMaterialTest.login(DigitalMaterialTest.java:18)
at java.base/jdk.internal.reflect.DirectMethodHandleAccessor.invoke(DirectMethodHandleAccessor.java:103)
at java.base/java.lang.reflect.Method.invoke(Method.java:580)
at org.testng.internal.invokers.MethodInvocationHelper.invokeMethod(MethodInvocationHelper.java:141)
at org.testng.internal.invokers.TestInvoker.invokeMethod(TestInvoker.java:687)
at org.testng.internal.invokers.TestInvoker.invokeTestMethod(TestInvoker.java:230)
at org.testng.internal.invokers.MethodRunner.runInSequence(MethodRunner.java:63)
at org.testng.internal.invokers.TestInvoker$MethodInvocationAgent.invoke(TestInvoker.java:995)
at org.testng.internal.invokers.TestInvoker.invokeTestMethods(TestInvoker.java:203)
at org.testng.internal.invokers.TestMethodWorker.invokeTestMethods(TestMethodWorker.java:154)
at org.testng.internal.invokers.TestMethodWorker.run(TestMethodWorker.java:134)
at java.base/java.util.ArrayList.forEach(ArrayList.java:1596)
at org.testng.TestRunner.privateRun(TestRunner.java:741)
at org.testng.TestRunner.run(TestRunner.java:616)
at org.testng.SuiteRunner.runTest(SuiteRunner.java:421)
at org.testng.SuiteRunner.runSequentially(SuiteRunner.java:413)
at org.testng.SuiteRunner.privateRun(SuiteRunner.java:373)
at org.testng.SuiteRunner.run(SuiteRunner.java:312)
at org.testng.SuiteRunnerWorker.runSuite(SuiteRunnerWorker.java:52)
at org.testng.SuiteRunnerWorker.run(SuiteRunnerWorker.java:95)
at org.testng.TestNG.runSuitesSequentially(TestNG.java:1274)
at org.testng.TestNG.runSuitesLocally(TestNG.java:1208)
at org.testng.TestNG.runSuites(TestNG.java:1112)
at org.testng.TestNG.run(TestNG.java:1079)
at org.testng.remote.AbstractRemoteTestNG.run(AbstractRemoteTestNG.java:115)
at org.testng.remote.RemoteTestNG.initAndRun(RemoteTestNG.java:293)
at org.testng.remote.RemoteTestNG.main(RemoteTestNG.java:91)
]]>
            </full-stacktrace>
          </exception> <!-- java.lang.IllegalArgumentException -->
          <reporter-output>
          </reporter-output>
        </test-method> <!-- login -->
        <test-method signature="login(java.lang.String,java.lang.String)[pri:1, instance:testcases.DigitalMaterialTest@2362f559]" started-at="2025-06-06T19:03:41 IST" name="login" data-provider="studentLogin" finished-at="2025-06-06T19:03:44 IST" duration-ms="2482" status="PASS">
          <params>
            <param index="0">
              <value>
                <![CDATA[naman1@gmail.com]]>
              </value>
            </param>
            <param index="1">
              <value>
                <![CDATA[1234]]>
              </value>
            </param>
          </params>
          <reporter-output>
          </reporter-output>
        </test-method> <!-- login -->
        <test-method signature="clickOnDigitalMaterialTest()[pri:2, instance:testcases.DigitalMaterialTest@2362f559]" started-at="2025-06-06T19:03:44 IST" name="clickOnDigitalMaterialTest" finished-at="2025-06-06T19:03:46 IST" duration-ms="2102" status="PASS">
          <reporter-output>
          </reporter-output>
        </test-method> <!-- clickOnDigitalMaterialTest -->
        <test-method signature="visibilityOfViewColumnTest()[pri:3, instance:testcases.DigitalMaterialTest@2362f559]" started-at="2025-06-06T19:03:46 IST" name="visibilityOfViewColumnTest" finished-at="2025-06-06T19:03:48 IST" duration-ms="2046" status="PASS">
          <reporter-output>
          </reporter-output>
        </test-method> <!-- visibilityOfViewColumnTest -->
        <test-method signature="clickOnDownloadButtonTest()[pri:4, instance:testcases.DigitalMaterialTest@2362f559]" started-at="2025-06-06T19:03:48 IST" name="clickOnDownloadButtonTest" finished-at="2025-06-06T19:03:52 IST" duration-ms="4117" status="PASS">
          <reporter-output>
          </reporter-output>
        </test-method> <!-- clickOnDownloadButtonTest -->
        <test-method signature="clickOnHomeAssignmentTest()[pri:5, instance:testcases.DigitalMaterialTest@2362f559]" started-at="2025-06-06T19:03:52 IST" name="clickOnHomeAssignmentTest" finished-at="2025-06-06T19:03:54 IST" duration-ms="2205" status="PASS">
          <reporter-output>
          </reporter-output>
        </test-method> <!-- clickOnHomeAssignmentTest -->
        <test-method signature="clickOnNotesTest()[pri:6, instance:testcases.DigitalMaterialTest@2362f559]" started-at="2025-06-06T19:03:54 IST" name="clickOnNotesTest" finished-at="2025-06-06T19:03:56 IST" duration-ms="2221" status="PASS">
          <reporter-output>
          </reporter-output>
        </test-method> <!-- clickOnNotesTest -->
        <test-method is-config="true" signature="teardown()[pri:0, instance:testcases.DigitalMaterialTest@2362f559]" started-at="2025-06-06T19:03:56 IST" name="teardown" finished-at="2025-06-06T19:03:58 IST" duration-ms="1430" status="PASS">
          <reporter-output>
          </reporter-output>
        </test-method> <!-- teardown -->
      </class> <!-- testcases.DigitalMaterialTest -->
    </test> <!-- Default test -->
  </suite> <!-- Default suite -->
</testng-results>
