<?xml version="1.0" encoding="UTF-8"?>
<testng-results ignored="0" total="1" passed="1" failed="0" skipped="0">
  <reporter-output>
  </reporter-output>
  <suite started-at="2025-04-25T16:13:39 IST" name="Default suite" finished-at="2025-04-25T16:13:59 IST" duration-ms="19678">
    <groups>
    </groups>
    <test started-at="2025-04-25T16:13:39 IST" name="Default test" finished-at="2025-04-25T16:13:59 IST" duration-ms="19678">
      <class name="com.cbla.qa.tests.AdminLogin">
        <test-method is-config="true" signature="setup()[pri:0, instance:com.cbla.qa.tests.AdminLogin@5ab9e72c]" started-at="2025-04-25T16:13:39 IST" name="setup" finished-at="2025-04-25T16:13:44 IST" duration-ms="4692" status="PASS">
          <reporter-output>
          </reporter-output>
        </test-method> <!-- setup -->
        <test-method signature="loginWithCorrectEmailAndPassword()[pri:0, instance:com.cbla.qa.tests.AdminLogin@5ab9e72c]" started-at="2025-04-25T16:13:44 IST" name="loginWithCorrectEmailAndPassword" finished-at="2025-04-25T16:13:58 IST" duration-ms="14573" status="PASS">
          <reporter-output>
          </reporter-output>
        </test-method> <!-- loginWithCorrectEmailAndPassword -->
        <test-method is-config="true" signature="tearDown()[pri:0, instance:com.cbla.qa.tests.AdminLogin@5ab9e72c]" started-at="2025-04-25T16:13:58 IST" name="tearDown" finished-at="2025-04-25T16:13:59 IST" duration-ms="336" status="PASS">
          <reporter-output>
          </reporter-output>
        </test-method> <!-- tearDown -->
      </class> <!-- com.cbla.qa.tests.AdminLogin -->
    </test> <!-- Default test -->
  </suite> <!-- Default suite -->
</testng-results>
